<?xml version="1.0" encoding="UTF-8"?>
<!-- Generated by org.testng.reporters.JUnitXMLReporter -->
<testsuite ignored="0" hostname="STIPL-SMBL0267" failures="1" tests="1" name="Test" time="109.34" errors="0" timestamp="21 Jun 2024 11:10:09 GMT">
  <testcase classname="cucumber.api.testng.AbstractTestNGCucumberTests" name="feature" time="108.084">
    <failure type="cucumber.runtime.CucumberException" message="java.lang.AssertionError: Application is down or username is not displayed expected [false] but found [true]">
      <![CDATA[cucumber.runtime.CucumberException: java.lang.AssertionError: Application is down or username is not displayed expected [false] but found [true]
at cucumber.api.testng.TestNGCucumberRunner.runCucumber(TestNGCucumberRunner.java:69)
at cucumber.api.testng.AbstractTestNGCucumberTests.feature(AbstractTestNGCucumberTests.java:21)
at java.base/java.util.concurrent.ThreadPoolExecutor.runWorker(ThreadPoolExecutor.java:1128)
at java.base/java.util.concurrent.ThreadPoolExecutor$Worker.run(ThreadPoolExecutor.java:628)
at java.base/java.lang.Thread.run(Thread.java:834)
Caused by: java.lang.AssertionError: Application is down or username is not displayed expected [false] but found [true]
at appmanager.ApplicationManager.initUrlHRM(ApplicationManager.java:219)
at appmanager.HelperBase.checkLogInUserHRM(HelperBase.java:110)
at tests.Hrm.user_launches_the_HRM_application_with(Hrm.java:17)
at ✽.Given User launches the HRM application with: "prathibhak"(features/Hrm.feature:17)
... Removed 13 stack frames]]>
    </failure>
  </testcase> <!-- feature -->
</testsuite> <!-- Test -->
